<?xml version="1.0" encoding="UTF-8"?>
<testsuite name="WordPuzzTest" tests="4" skipped="0" failures="0" errors="0" timestamp="2016-02-11T17:11:52" hostname="staff-4.local" time="0.0">
  <properties/>
  <testcase name="InputStringOutputsAString_istrue" classname="WordPuzzTest" time="0.0"/>
  <testcase name="InputStringOutPutsAsDashIfAVowel_istrue" classname="WordPuzzTest" time="0.0"/>
  <testcase name="InputStringOutPutDoesnotChangeIfAConsonant_istrue" classname="WordPuzzTest" time="0.0"/>
  <testcase name="InputStringIsConsonantWithRightCase_istrue" classname="WordPuzzTest" time="0.0"/>
  <system-out><![CDATA[]]></system-out>
  <system-err><![CDATA[]]></system-err>
</testsuite>
